<?xml version="1.0" encoding="UTF-8"?>
<testng-results skipped="0" failed="0" ignored="0" total="1" passed="1">
  <reporter-output>
  </reporter-output>
  <suite name="Default suite" duration-ms="34368" started-at="2021-07-28T17:02:05 IST" finished-at="2021-07-28T17:02:40 IST">
    <groups>
    </groups>
    <test name="Default test" duration-ms="34368" started-at="2021-07-28T17:02:05 IST" finished-at="2021-07-28T17:02:40 IST">
      <class name="script.JSExecutor">
        <test-method status="PASS" signature="test()[pri:0, instance:script.JSExecutor@e320068]" name="test" duration-ms="34154" started-at="2021-07-28T17:02:06 IST" finished-at="2021-07-28T17:02:40 IST">
          <reporter-output>
          </reporter-output>
        </test-method> <!-- test -->
      </class> <!-- script.JSExecutor -->
    </test> <!-- Default test -->
  </suite> <!-- Default suite -->
</testng-results>
